-------------------------------------------------------------------------------
Test set: co.in28minutes.productcatalogueservice.ProductCatalogueServiceApplicationTests
-------------------------------------------------------------------------------
Tests run: 1, Failures: 0, Errors: 1, Skipped: 0, Time elapsed: 1.473 s <<< FAILURE! - in co.in28minutes.productcatalogueservice.ProductCatalogueServiceApplicationTests
contextLoads  Time elapsed: 0.011 s  <<< ERROR!
java.lang.IllegalStateException: Failed to load ApplicationContext
Caused by: org.springframework.cloud.commons.ConfigDataMissingEnvironmentPostProcessor$ImportException: No spring.config.import set

